D:\项目开发\集成部署\代码\客户端\NEWDEPLOYCLIENT\DEBUG\NEWDEPLOYCLIENT.EXE
D:\项目开发\集成部署\代码\客户端\NEWDEPLOYCLIENT\DEBUG\NEWDEPLOYCLIENT.ILK
D:\项目开发\集成部署\代码\客户端\NEWDEPLOYCLIENT\DEBUG\NEWDEPLOYCLIENT.PDB
D:\项目开发\集成部署\代码\客户端\NewDeployClient\NewDeployClient\Debug\cl.command.1.tlog
D:\项目开发\集成部署\代码\客户端\NewDeployClient\NewDeployClient\Debug\CL.read.1.tlog
D:\项目开发\集成部署\代码\客户端\NewDeployClient\NewDeployClient\Debug\CL.write.1.tlog
D:\项目开发\集成部署\代码\客户端\NewDeployClient\NewDeployClient\Debug\link.9484.read.1.tlog
D:\项目开发\集成部署\代码\客户端\NewDeployClient\NewDeployClient\Debug\link.9484.write.1.tlog
D:\项目开发\集成部署\代码\客户端\NewDeployClient\NewDeployClient\Debug\link.9484-cvtres.read.1.tlog
D:\项目开发\集成部署\代码\客户端\NewDeployClient\NewDeployClient\Debug\link.9484-cvtres.write.1.tlog
D:\项目开发\集成部署\代码\客户端\NewDeployClient\NewDeployClient\Debug\link.command.1.tlog
D:\项目开发\集成部署\代码\客户端\NewDeployClient\NewDeployClient\Debug\link.read.1.tlog
D:\项目开发\集成部署\代码\客户端\NewDeployClient\NewDeployClient\Debug\link.write.1.tlog
D:\项目开发\集成部署\代码\客户端\NewDeployClient\NewDeployClient\Debug\link-cvtres.read.1.tlog
D:\项目开发\集成部署\代码\客户端\NewDeployClient\NewDeployClient\Debug\link-cvtres.write.1.tlog
D:\项目开发\集成部署\代码\客户端\NEWDEPLOYCLIENT\NEWDEPLOYCLIENT\DEBUG\MD5.OBJ
D:\项目开发\集成部署\代码\客户端\NewDeployClient\NewDeployClient\Debug\mt.command.1.tlog
D:\项目开发\集成部署\代码\客户端\NewDeployClient\NewDeployClient\Debug\mt.read.1.tlog
D:\项目开发\集成部署\代码\客户端\NewDeployClient\NewDeployClient\Debug\mt.write.1.tlog
D:\项目开发\集成部署\代码\客户端\NEWDEPLOYCLIENT\NEWDEPLOYCLIENT\DEBUG\NEWDEPLOYCLIENT.EXE.EMBED.MANIFEST
D:\项目开发\集成部署\代码\客户端\NEWDEPLOYCLIENT\NEWDEPLOYCLIENT\DEBUG\NEWDEPLOYCLIENT.EXE.EMBED.MANIFEST.RES
D:\项目开发\集成部署\代码\客户端\NEWDEPLOYCLIENT\NEWDEPLOYCLIENT\DEBUG\NEWDEPLOYCLIENT.EXE.INTERMEDIATE.MANIFEST
D:\项目开发\集成部署\代码\客户端\NEWDEPLOYCLIENT\NEWDEPLOYCLIENT\DEBUG\NEWDEPLOYCLIENT.OBJ
D:\项目开发\集成部署\代码\客户端\NewDeployClient\NewDeployClient\Debug\NewDeployClient.write.1.tlog
D:\项目开发\集成部署\代码\客户端\NewDeployClient\NewDeployClient\Debug\NewDeployClient_manifest.rc
D:\项目开发\集成部署\代码\客户端\NewDeployClient\NewDeployClient\Debug\rc.command.1.tlog
D:\项目开发\集成部署\代码\客户端\NewDeployClient\NewDeployClient\Debug\rc.read.1.tlog
D:\项目开发\集成部署\代码\客户端\NewDeployClient\NewDeployClient\Debug\rc.write.1.tlog
D:\项目开发\集成部署\代码\客户端\NewDeployClient\NewDeployClient\Debug\vc100.idb
D:\项目开发\集成部署\代码\客户端\NEWDEPLOYCLIENT\NEWDEPLOYCLIENT\DEBUG\VC100.PDB
